Job <46217400> has been submitted to queue <q_sw_expr>
waiting for dispatch ...
2:  0.052134 +0.000000i|524288> (2.717971e-03) (|>)
0:  0.052134 +0.000000i|0> (2.717971e-03) (|>)
0:  0.003770 -0.010589i|2848> (1.263414e-04) (|>)
0:  0.013387 -0.037646i|2849> (1.596443e-03) (|>)
0: -0.008593 +0.024199i|2850> (6.594397e-04) (|>)
0: -0.010369 -0.008441i|5698> (1.787675e-04) (|>)
0:  0.037371 +0.030398i|5699> (2.320654e-03) (|>)
0:  0.042362 -0.025757i|8548> (2.457951e-03) (|>)
0: -0.008906 +0.005420i|8549> (1.086993e-04) (|>)
0: -0.002104 -0.010160i|11396> (1.076615e-04) (|>)
0: -0.005840 -0.028138i|11397> (8.258473e-04) (|>)
0:  0.007609 +0.036581i|11398> (1.396071e-03) (|>)
0:  0.002311 +0.011086i|11399> (1.282333e-04) (|>)
0:  0.051488 +0.007076i|14247> (2.701100e-03) (|>)
0:  0.005036 -0.009706i|17095> (1.195672e-04) (|>)
0:  0.019493 -0.037605i|17096> (1.794129e-03) (|>)
0: -0.010384 +0.020054i|17097> (5.099751e-04) (|>)
0: -0.011188 -0.011987i|19945> (2.688774e-04) (|>)
0:  0.031735 +0.033972i|19946> (2.161196e-03) (|>)
0:  0.046492 -0.020191i|22795> (2.569144e-03) (|>)
0: -0.000735 -0.010852i|25643> (1.183017e-04) (|>)
0: -0.002158 -0.031652i|25644> (1.006478e-03) (|>)
0:  0.002369 +0.034530i|25645> (1.197902e-03) (|>)
0:  0.000771 +0.011172i|25646> (1.253974e-04) (|>)
0:  0.049579 +0.013889i|28494> (2.650997e-03) (|>)
0:  0.006001 -0.008492i|31342> (1.081237e-04) (|>)
0:  0.025692 -0.036387i|31343> (1.984066e-03) (|>)
0: -0.011228 +0.015917i|31344> (3.794031e-04) (|>)
0: -0.011228 -0.015917i|34192> (3.794031e-04) (|>)
0:  0.025692 +0.036387i|34193> (1.984067e-03) (|>)
0:  0.006001 +0.008492i|34194> (1.081237e-04) (|>)
0:  0.049579 -0.013889i|37042> (2.650998e-03) (|>)
0:  0.000771 -0.011172i|39890> (1.253975e-04) (|>)
0:  0.002369 -0.034530i|39891> (1.197902e-03) (|>)
0: -0.002158 +0.031652i|39892> (1.006478e-03) (|>)
0: -0.000735 +0.010852i|39893> (1.183016e-04) (|>)
0:  0.046492 +0.020191i|42741> (2.569143e-03) (|>)
0:  0.031735 -0.033972i|45590> (2.161196e-03) (|>)
0: -0.011188 +0.011987i|45591> (2.688774e-04) (|>)
0: -0.010384 -0.020054i|48439> (5.099750e-04) (|>)
0:  0.019493 +0.037605i|48440> (1.794129e-03) (|>)
0:  0.005036 +0.009706i|48441> (1.195672e-04) (|>)
0:  0.051488 -0.007076i|51289> (2.701101e-03) (|>)
0:  0.002311 -0.011086i|54137> (1.282332e-04) (|>)
0:  0.007609 -0.036581i|54138> (1.396071e-03) (|>)
0: -0.005840 +0.028138i|54139> (8.258469e-04) (|>)
0: -0.002104 +0.010160i|54140> (1.076614e-04) (|>)
0: -0.008906 -0.005420i|56987> (1.086993e-04) (|>)
0:  0.042362 +0.025757i|56988> (2.457950e-03) (|>)
0:  0.037371 -0.030398i|59837> (2.320653e-03) (|>)
0: -0.010369 +0.008441i|59838> (1.787675e-04) (|>)
0: -0.008593 -0.024199i|62686> (6.594394e-04) (|>)
0:  0.013387 +0.037646i|62687> (1.596442e-03) (|>)
0:  0.003770 +0.010589i|62688> (1.263414e-04) (|>)
0:  0.052134 +0.000000i|65536> (2.717971e-03) (|>)
0:  0.003770 -0.010589i|68384> (1.263414e-04) (|>)
0:  0.013387 -0.037646i|68385> (1.596443e-03) (|>)
0: -0.008593 +0.024199i|68386> (6.594397e-04) (|>)
0: -0.010369 -0.008441i|71234> (1.787675e-04) (|>)
0:  0.037371 +0.030398i|71235> (2.320654e-03) (|>)
0:  0.042362 -0.025757i|74084> (2.457951e-03) (|>)
0: -0.008906 +0.005420i|74085> (1.086993e-04) (|>)
0: -0.002104 -0.010160i|76932> (1.076615e-04) (|>)
0: -0.005840 -0.028138i|76933> (8.258473e-04) (|>)
0:  0.007609 +0.036581i|76934> (1.396071e-03) (|>)
0:  0.002311 +0.011086i|76935> (1.282333e-04) (|>)
0:  0.051488 +0.007076i|79783> (2.701100e-03) (|>)
0:  0.005036 -0.009706i|82631> (1.195672e-04) (|>)
0:  0.019493 -0.037605i|82632> (1.794129e-03) (|>)
0: -0.010384 +0.020054i|82633> (5.099751e-04) (|>)
0: -0.011188 -0.011987i|85481> (2.688774e-04) (|>)
0:  0.031735 +0.033972i|85482> (2.161196e-03) (|>)
0:  0.046492 -0.020191i|88331> (2.569144e-03) (|>)
0: -0.000735 -0.010852i|91179> (1.183017e-04) (|>)
0: -0.002158 -0.031652i|91180> (1.006478e-03) (|>)
0:  0.002369 +0.034530i|91181> (1.197902e-03) (|>)
0:  0.000771 +0.011172i|91182> (1.253974e-04) (|>)
0:  0.049579 +0.013889i|94030> (2.650997e-03) (|>)
0:  0.006001 -0.008492i|96878> (1.081237e-04) (|>)
0:  0.025692 -0.036387i|96879> (1.984066e-03) (|>)1:  0.052134 +0.000000i|262144> (2.717971e-03) (|>)
1:  0.003770 -0.010589i|264992> (1.263414e-04) (|>)
1:  0.013387 -0.037646i|264993> (1.596443e-03) (|>)
1: -0.008593 +0.024199i|264994> (6.594397e-04) (|>)
1: -0.010369 -0.008441i|267842> (1.787675e-04) (|>)
1:  0.037371 +0.030398i|267843> (2.320654e-03) (|>)
1:  0.042362 -0.025757i|270692> (2.457951e-03) (|>)
1: -0.008906 +0.005420i|270693> (1.086993e-04) (|>)
1: -0.002104 -0.010160i|273540> (1.076615e-04) (|>)
1: -0.005840 -0.028138i|273541> (8.258473e-04) (|>)
1:  0.007609 +0.036581i|273542> (1.396071e-03) (|>)
1:  0.002311 +0.011086i|273543> (1.282333e-04) (|>)
1:  0.051488 +0.007076i|276391> (2.701100e-03) (|>)
1:  0.005036 -0.009706i|279239> (1.195672e-04) (|>)
1:  0.019493 -0.037605i|279240> (1.794129e-03) (|>)
1: -0.010384 +0.020054i|279241> (5.099751e-04) (|>)
1: -0.011188 -0.011987i|282089> (2.688774e-04) (|>)
1:  0.031735 +0.033972i|282090> (2.161196e-03) (|>)
1:  0.046492 -0.020191i|284939> (2.569144e-03) (|>)
1: -0.000735 -0.010852i|287787> (1.183017e-04) (|>)
1: -0.002158 -0.031652i|287788> (1.006478e-03) (|>)
1:  0.002369 +0.034530i|287789> (1.197902e-03) (|>)
1:  0.000771 +0.011172i|287790> (1.253974e-04) (|>)
1:  0.049579 +0.013889i|290638> (2.650997e-03) (|>)
1:  0.006001 -0.008492i|293486> (1.081237e-04) (|>)
1:  0.025692 -0.036387i|293487> (1.984066e-03) (|>)
1: -0.011228 +0.015917i|293488> (3.794031e-04) (|>)
1: -0.011228 -0.015917i|296336> (3.794031e-04) (|>)
1:  0.025692 +0.036387i|296337> (1.984067e-03) (|>)
1:  0.006001 +0.008492i|296338> (1.081237e-04) (|>)
1:  0.049579 -0.013889i|299186> (2.650998e-03) (|>)
1:  0.000771 -0.011172i|302034> (1.253975e-04) (|>)
1:  0.002369 -0.034530i|302035> (1.197902e-03) (|>)
1: -0.002158 +0.031652i|302036> (1.006478e-03) (|>)
1: -0.000735 +0.010852i|302037> (1.183016e-04) (|>)
1:  0.046492 +0.020191i|304885> (2.569143e-03) (|>)
1:  0.031735 -0.033972i|307734> (2.161196e-03) (|>)
1: -0.011188 +0.011987i|307735> (2.688774e-04) (|>)
1: -0.010384 -0.020054i|310583> (5.099750e-04) (|>)
1:  0.019493 +0.037605i|310584> (1.794129e-03) (|>)
1:  0.005036 +0.009706i|310585> (1.195672e-04) (|>)
1:  0.051488 -0.007076i|313433> (2.701101e-03) (|>)
1:  0.002311 -0.011086i|316281> (1.282332e-04) (|>)
1:  0.007609 -0.036581i|316282> (1.396071e-03) (|>)
1: -0.005840 +0.028138i|316283> (8.258469e-04) (|>)
1: -0.002104 +0.010160i|316284> (1.076614e-04) (|>)
1: -0.008906 -0.005420i|319131> (1.086993e-04) (|>)
1:  0.042362 +0.025757i|319132> (2.457950e-03) (|>)
1:  0.037371 -0.030398i|321981> (2.320653e-03) (|>)
1: -0.010369 +0.008441i|321982> (1.787675e-04) (|>)
1: -0.008593 -0.024199i|324830> (6.594394e-04) (|>)
1:  0.013387 +0.037646i|324831> (1.596442e-03) (|>)
1:  0.003770 +0.010589i|324832> (1.263414e-04) (|>)
1:  0.052134 +0.000000i|327680> (2.717971e-03) (|>)
1:  0.003770 -0.010589i|330528> (1.263414e-04) (|>)
1:  0.013387 -0.037646i|330529> (1.596443e-03) (|>)
1: -0.008593 +0.024199i|330530> (6.594397e-04) (|>)
1: -0.010369 -0.008441i|333378> (1.787675e-04) (|>)
1:  0.037371 +0.030398i|333379> (2.320654e-03) (|>)
1:  0.042362 -0.025757i|336228> (2.457951e-03) (|>)
1: -0.008906 +0.005420i|336229> (1.086993e-04) (|>)
1: -0.002104 -0.010160i|339076> (1.076615e-04) (|>)
1: -0.005840 -0.028138i|339077> (8.258473e-04) (|>)
1:  0.007609 +0.036581i|339078> (1.396071e-03) (|>)
1:  0.002311 +0.011086i|339079> (1.282333e-04) (|>)
1:  0.051488 +0.007076i|341927> (2.701100e-03) (|>)
1:  0.005036 -0.009706i|344775> (1.195672e-04) (|>)
1:  0.019493 -0.037605i|344776> (1.794129e-03) (|>)
1: -0.010384 +0.020054i|344777> (5.099751e-04) (|>)
1: -0.011188 -0.011987i|347625> (2.688774e-04) (|>)
1:  0.031735 +0.033972i|347626> (2.161196e-03) (|>)
1:  0.046492 -0.020191i|350475> (2.569144e-03) (|>)
1: -0.000735 -0.010852i|353323> (1.183017e-04) (|>)
1: -0.002158 -0.031652i|353324> (1.006478e-03) (|>)
1:  0.002369 +0.034530i|353325> (1.197902e-03) (|>)
1:  0.000771 +0.011172i|353326> (1.253974e-04) (|>)
1:  0.049579 +0.013889i|356174> (2.650997e-03) (|>)
1:  0.006001 -2:  0.003770 -0.010589i|527136> (1.263414e-04) (|>)
2:  0.013387 -0.037646i|527137> (1.596443e-03) (|>)
2: -0.008593 +0.024199i|527138> (6.594397e-04) (|>)
2: -0.010369 -0.008441i|529986> (1.787675e-04) (|>)
2:  0.037371 +0.030398i|529987> (2.320654e-03) (|>)
2:  0.042362 -0.025757i|532836> (2.457951e-03) (|>)
2: -0.008906 +0.005420i|532837> (1.086993e-04) (|>)
2: -0.002104 -0.010160i|535684> (1.076615e-04) (|>)
2: -0.005840 -0.028138i|535685> (8.258473e-04) (|>)
2:  0.007609 +0.036581i|535686> (1.396071e-03) (|>)
2:  0.002311 +0.011086i|535687> (1.282333e-04) (|>)
2:  0.051488 +0.007076i|538535> (2.701100e-03) (|>)
2:  0.005036 -0.009706i|541383> (1.195672e-04) (|>)
2:  0.019493 -0.037605i|541384> (1.794129e-03) (|>)
2: -0.010384 +0.020054i|541385> (5.099751e-04) (|>)
2: -0.011188 -0.011987i|544233> (2.688774e-04) (|>)
2:  0.031735 +0.033972i|544234> (2.161196e-03) (|>)
2:  0.046492 -0.020191i|547083> (2.569144e-03) (|>)
2: -0.000735 -0.010852i|549931> (1.183017e-04) (|>)
2: -0.002158 -0.031652i|549932> (1.006478e-03) (|>)
2:  0.002369 +0.034530i|549933> (1.197902e-03) (|>)
2:  0.000771 +0.011172i|549934> (1.253974e-04) (|>)
2:  0.049579 +0.013889i|552782> (2.650997e-03) (|>)
2:  0.006001 -0.008492i|555630> (1.081237e-04) (|>)
2:  0.025692 -0.036387i|555631> (1.984066e-03) (|>)
2: -0.011228 +0.015917i|555632> (3.794031e-04) (|>)
2: -0.011228 -0.015917i|558480> (3.794031e-04) (|>)
2:  0.025692 +0.036387i|558481> (1.984067e-03) (|>)
2:  0.006001 +0.008492i|558482> (1.081237e-04) (|>)
2:  0.049579 -0.013889i|561330> (2.650998e-03) (|>)
2:  0.000771 -0.011172i|564178> (1.253975e-04) (|>)
2:  0.002369 -0.034530i|564179> (1.197902e-03) (|>)
2: -0.002158 +0.031652i|564180> (1.006478e-03) (|>)
2: -0.000735 +0.010852i|564181> (1.183016e-04) (|>)
2:  0.046492 +0.020191i|567029> (2.569143e-03) (|>)
2:  0.031735 -0.033972i|569878> (2.161196e-03) (|>)
2: -0.011188 +0.011987i|569879> (2.688774e-04) (|>)
2: -0.010384 -0.020054i|572727> (5.099750e-04) (|>)
2:  0.019493 +0.037605i|572728> (1.794129e-03) (|>)
2:  0.005036 +0.009706i|572729> (1.195672e-04) (|>)
2:  0.051488 -0.007076i|575577> (2.701101e-03) (|>)
2:  0.002311 -0.011086i|578425> (1.282332e-04) (|>)
2:  0.007609 -0.036581i|578426> (1.396071e-03) (|>)
2: -0.005840 +0.028138i|578427> (8.258469e-04) (|>)
2: -0.002104 +0.010160i|578428> (1.076614e-04) (|>)
2: -0.008906 -0.005420i|581275> (1.086993e-04) (|>)
2:  0.042362 +0.025757i|581276> (2.457950e-03) (|>)
2:  0.037371 -0.030398i|584125> (2.320653e-03) (|>)
2: -0.010369 +0.008441i|584126> (1.787675e-04) (|>)
2: -0.008593 -0.024199i|586974> (6.594394e-04) (|>)
2:  0.013387 +0.037646i|586975> (1.596442e-03) (|>)
2:  0.003770 +0.010589i|586976> (1.263414e-04) (|>)
2:  0.052134 +0.000000i|589824> (2.717971e-03) (|>)
2:  0.003770 -0.010589i|592672> (1.263414e-04) (|>)
2:  0.013387 -0.037646i|592673> (1.596443e-03) (|>)
2: -0.008593 +0.024199i|592674> (6.594397e-04) (|>)
2: -0.010369 -0.008441i|595522> (1.787675e-04) (|>)
2:  0.037371 +0.030398i|595523> (2.320654e-03) (|>)
2:  0.042362 -0.025757i|598372> (2.457951e-03) (|>)
2: -0.008906 +0.005420i|598373> (1.086993e-04) (|>)
2: -0.002104 -0.010160i|601220> (1.076615e-04) (|>)
2: -0.005840 -0.028138i|601221> (8.258473e-04) (|>)
2:  0.007609 +0.036581i|601222> (1.396071e-03) (|>)
2:  0.002311 +0.011086i|601223> (1.282333e-04) (|>)
2:  0.051488 +0.007076i|604071> (2.701100e-03) (|>)
2:  0.005036 -0.009706i|606919> (1.195672e-04) (|>)
2:  0.019493 -0.037605i|606920> (1.794129e-03) (|>)
2: -0.010384 +0.020054i|606921> (5.099751e-04) (|>)
2: -0.011188 -0.011987i|609769> (2.688774e-04) (|>)
2:  0.031735 +0.033972i|609770> (2.161196e-03) (|>)
2:  0.046492 -0.020191i|612619> (2.569144e-03) (|>)
2: -0.000735 -0.010852i|615467> (1.183017e-04) (|>)
2: -0.002158 -0.031652i|615468> (1.006478e-03) (|>)
2:  0.002369 +0.034530i|615469> (1.197902e-03) (|>)
2:  0.000771 +0.011172i|615470> (1.253974e-04) (|>)
2:  0.049579 +0.013889i|618318> (2.650997e-03) (|>)
2:  0.006001 -0.008492i|621166> (1.081237e-04) (|>)
2:  0.025692 -
0: -0.011228 +0.015917i|96880> (3.794031e-04) (|>)
0: -0.011228 -0.015917i|99728> (3.794031e-04) (|>)
0:  0.025692 +0.036387i|99729> (1.984067e-03) (|>)
0:  0.006001 +0.008492i|99730> (1.081237e-04) (|>)
0:  0.049579 -0.013889i|102578> (2.650998e-03) (|>)
0:  0.000771 -0.011172i|105426> (1.253975e-04) (|>)
0:  0.002369 -0.034530i|105427> (1.197902e-03) (|>)
0: -0.002158 +0.031652i|105428> (1.006478e-03) (|>)
0: -0.000735 +0.010852i|105429> (1.183016e-04) (|>)
0:  0.046492 +0.020191i|108277> (2.569143e-03) (|>)
0:  0.031735 -0.033972i|111126> (2.161196e-03) (|>)
0: -0.011188 +0.011987i|111127> (2.688774e-04) (|>)
0: -0.010384 -0.020054i|113975> (5.099750e-04) (|>)
0:  0.019493 +0.037605i|113976> (1.794129e-03) (|>)
0:  0.005036 +0.009706i|113977> (1.195672e-04) (|>)
0:  0.051488 -0.007076i|116825> (2.701101e-03) (|>)
0:  0.002311 -0.011086i|119673> (1.282332e-04) (|>)
0:  0.007609 -0.036581i|119674> (1.396071e-03) (|>)
0: -0.005840 +0.028138i|119675> (8.258469e-04) (|>)
0: -0.002104 +0.010160i|119676> (1.076614e-04) (|>)
0: -0.008906 -0.005420i|122523> (1.086993e-04) (|>)
0:  0.042362 +0.025757i|122524> (2.457950e-03) (|>)
0:  0.037371 -0.030398i|125373> (2.320653e-03) (|>)
0: -0.010369 +0.008441i|125374> (1.787675e-04) (|>)
0: -0.008593 -0.024199i|128222> (6.594394e-04) (|>)
0:  0.013387 +0.037646i|128223> (1.596442e-03) (|>)
0:  0.003770 +0.010589i|128224> (1.263414e-04) (|>)
0:  0.052134 +0.000000i|131072> (2.717971e-03) (|>)
0:  0.003770 -0.010589i|133920> (1.263414e-04) (|>)
0:  0.013387 -0.037646i|133921> (1.596443e-03) (|>)
0: -0.008593 +0.024199i|133922> (6.594397e-04) (|>)
0: -0.010369 -0.008441i|136770> (1.787675e-04) (|>)
0:  0.037371 +0.030398i|136771> (2.320654e-03) (|>)
0:  0.042362 -0.025757i|139620> (2.457951e-03) (|>)
0: -0.008906 +0.005420i|139621> (1.086993e-04) (|>)
0: -0.002104 -0.010160i|142468> (1.076615e-04) (|>)
0: -0.005840 -0.028138i|142469> (8.258473e-04) (|>)
0:  0.007609 +0.036581i|142470> (1.396071e-03) (|>)
0:  0.002311 +0.011086i|142471> (1.282333e-04) (|>)
0:  0.051488 +0.007076i|145319> (2.701100e-03) (|>)
0:  0.005036 -0.009706i|148167> (1.195672e-04) (|>)
0:  0.019493 -0.037605i|148168> (1.794129e-03) (|>)
0: -0.010384 +0.020054i|148169> (5.099751e-04) (|>)
0: -0.011188 -0.011987i|151017> (2.688774e-04) (|>)
0:  0.031735 +0.033972i|151018> (2.161196e-03) (|>)
0:  0.046492 -0.020191i|153867> (2.569144e-03) (|>)
0: -0.000735 -0.010852i|156715> (1.183017e-04) (|>)
0: -0.002158 -0.031652i|156716> (1.006478e-03) (|>)
0:  0.002369 +0.034530i|156717> (1.197902e-03) (|>)
0:  0.000771 +0.011172i|156718> (1.253974e-04) (|>)
0:  0.049579 +0.013889i|159566> (2.650997e-03) (|>)
0:  0.006001 -0.008492i|162414> (1.081237e-04) (|>)
0:  0.025692 -0.036387i|162415> (1.984066e-03) (|>)
0: -0.011228 +0.015917i|162416> (3.794031e-04) (|>)
0: -0.011228 -0.015917i|165264> (3.794031e-04) (|>)
0:  0.025692 +0.036387i|165265> (1.984067e-03) (|>)
0:  0.006001 +0.008492i|165266> (1.081237e-04) (|>)
0:  0.049579 -0.013889i|168114> (2.650998e-03) (|>)
0:  0.000771 -0.011172i|170962> (1.253975e-04) (|>)
0:  0.002369 -0.034530i|170963> (1.197902e-03) (|>)
0: -0.002158 +0.031652i|170964> (1.006478e-03) (|>)
0: -0.000735 +0.010852i|170965> (1.183016e-04) (|>)
0:  0.046492 +0.020191i|173813> (2.569143e-03) (|>)
0:  0.031735 -0.033972i|176662> (2.161196e-03) (|>)
0: -0.011188 +0.011987i|176663> (2.688774e-04) (|>)
0: -0.010384 -0.020054i|179511> (5.099750e-04) (|>)
0:  0.019493 +0.037605i|179512> (1.794129e-03) (|>)
0:  0.005036 +0.009706i|179513> (1.195672e-04) (|>)
0:  0.051488 -0.007076i|182361> (2.701101e-03) (|>)
0:  0.002311 -0.011086i|185209> (1.282332e-04) (|>)
0:  0.007609 -0.036581i|185210> (1.396071e-03) (|>)
0: -0.005840 +0.028138i|185211> (8.258469e-04) (|>)
0: -0.002104 +0.010160i|185212> (1.076614e-04) (|>)
0: -0.008906 -0.005420i|188059> (1.086993e-04) (|>)
0:  0.042362 +0.025757i|188060> (2.457950e-03) (|>)
0:  0.037371 -0.030398i|190909> (2.320653e-03) (|>)
0: -0.010369 +0.008441i|190910> (1.787675e-04) (|>)
0: -0.008593 -0.0.008492i|359022> (1.081237e-04) (|>)
1:  0.025692 -0.036387i|359023> (1.984066e-03) (|>)
1: -0.011228 +0.015917i|359024> (3.794031e-04) (|>)
1: -0.011228 -0.015917i|361872> (3.794031e-04) (|>)
1:  0.025692 +0.036387i|361873> (1.984067e-03) (|>)
1:  0.006001 +0.008492i|361874> (1.081237e-04) (|>)
1:  0.049579 -0.013889i|364722> (2.650998e-03) (|>)
1:  0.000771 -0.011172i|367570> (1.253975e-04) (|>)
1:  0.002369 -0.034530i|367571> (1.197902e-03) (|>)
1: -0.002158 +0.031652i|367572> (1.006478e-03) (|>)
1: -0.000735 +0.010852i|367573> (1.183016e-04) (|>)
1:  0.046492 +0.020191i|370421> (2.569143e-03) (|>)
1:  0.031735 -0.033972i|373270> (2.161196e-03) (|>)
1: -0.011188 +0.011987i|373271> (2.688774e-04) (|>)
1: -0.010384 -0.020054i|376119> (5.099750e-04) (|>)
1:  0.019493 +0.037605i|376120> (1.794129e-03) (|>)
1:  0.005036 +0.009706i|376121> (1.195672e-04) (|>)
1:  0.051488 -0.007076i|378969> (2.701101e-03) (|>)
1:  0.002311 -0.011086i|381817> (1.282332e-04) (|>)
1:  0.007609 -0.036581i|381818> (1.396071e-03) (|>)
1: -0.005840 +0.028138i|381819> (8.258469e-04) (|>)
1: -0.002104 +0.010160i|381820> (1.076614e-04) (|>)
1: -0.008906 -0.005420i|384667> (1.086993e-04) (|>)
1:  0.042362 +0.025757i|384668> (2.457950e-03) (|>)
1:  0.037371 -0.030398i|387517> (2.320653e-03) (|>)
1: -0.010369 +0.008441i|387518> (1.787675e-04) (|>)
1: -0.008593 -0.024199i|390366> (6.594394e-04) (|>)
1:  0.013387 +0.037646i|390367> (1.596442e-03) (|>)
1:  0.003770 +0.010589i|390368> (1.263414e-04) (|>)
1:  0.052134 +0.000000i|393216> (2.717971e-03) (|>)
1:  0.003770 -0.010589i|396064> (1.263414e-04) (|>)
1:  0.013387 -0.037646i|396065> (1.596443e-03) (|>)
1: -0.008593 +0.024199i|396066> (6.594397e-04) (|>)
1: -0.010369 -0.008441i|398914> (1.787675e-04) (|>)
1:  0.037371 +0.030398i|398915> (2.320654e-03) (|>)
1:  0.042362 -0.025757i|401764> (2.457951e-03) (|>)
1: -0.008906 +0.005420i|401765> (1.086993e-04) (|>)
1: -0.002104 -0.010160i|404612> (1.076615e-04) (|>)
1: -0.005840 -0.028138i|404613> (8.258473e-04) (|>)
1:  0.007609 +0.036581i|404614> (1.396071e-03) (|>)
1:  0.002311 +0.011086i|404615> (1.282333e-04) (|>)
1:  0.051488 +0.007076i|407463> (2.701100e-03) (|>)
1:  0.005036 -0.009706i|410311> (1.195672e-04) (|>)
1:  0.019493 -0.037605i|410312> (1.794129e-03) (|>)
1: -0.010384 +0.020054i|410313> (5.099751e-04) (|>)
1: -0.011188 -0.011987i|413161> (2.688774e-04) (|>)
1:  0.031735 +0.033972i|413162> (2.161196e-03) (|>)
1:  0.046492 -0.020191i|416011> (2.569144e-03) (|>)
1: -0.000735 -0.010852i|418859> (1.183017e-04) (|>)
1: -0.002158 -0.031652i|418860> (1.006478e-03) (|>)
1:  0.002369 +0.034530i|418861> (1.197902e-03) (|>)
1:  0.000771 +0.011172i|418862> (1.253974e-04) (|>)
1:  0.049579 +0.013889i|421710> (2.650997e-03) (|>)
1:  0.006001 -0.008492i|424558> (1.081237e-04) (|>)
1:  0.025692 -0.036387i|424559> (1.984066e-03) (|>)
1: -0.011228 +0.015917i|424560> (3.794031e-04) (|>)
1: -0.011228 -0.015917i|427408> (3.794031e-04) (|>)
1:  0.025692 +0.036387i|427409> (1.984067e-03) (|>)
1:  0.006001 +0.008492i|427410> (1.081237e-04) (|>)
1:  0.049579 -0.013889i|430258> (2.650998e-03) (|>)
1:  0.000771 -0.011172i|433106> (1.253975e-04) (|>)
1:  0.002369 -0.034530i|433107> (1.197902e-03) (|>)
1: -0.002158 +0.031652i|433108> (1.006478e-03) (|>)
1: -0.000735 +0.010852i|433109> (1.183016e-04) (|>)
1:  0.046492 +0.020191i|435957> (2.569143e-03) (|>)
1:  0.031735 -0.033972i|438806> (2.161196e-03) (|>)
1: -0.011188 +0.011987i|438807> (2.688774e-04) (|>)
1: -0.010384 -0.020054i|441655> (5.099750e-04) (|>)
1:  0.019493 +0.037605i|441656> (1.794129e-03) (|>)
1:  0.005036 +0.009706i|441657> (1.195672e-04) (|>)
1:  0.051488 -0.007076i|444505> (2.701101e-03) (|>)
1:  0.002311 -0.011086i|447353> (1.282332e-04) (|>)
1:  0.007609 -0.036581i|447354> (1.396071e-03) (|>)
1: -0.005840 +0.028138i|447355> (8.258469e-04) (|>)
1: -0.002104 +0.010160i|447356> (1.076614e-04) (|>)
1: -0.008906 -0.005420i|450203> (1.086993e-04) (|>)
1:  0.042362 +0.025757i|450204> (2.457950e-03) (|>)
1:  0.037371 -0.030398i|45300.036387i|621167> (1.984066e-03) (|>)
2: -0.011228 +0.015917i|621168> (3.794031e-04) (|>)
2: -0.011228 -0.015917i|624016> (3.794031e-04) (|>)
2:  0.025692 +0.036387i|624017> (1.984067e-03) (|>)
2:  0.006001 +0.008492i|624018> (1.081237e-04) (|>)
2:  0.049579 -0.013889i|626866> (2.650998e-03) (|>)
2:  0.000771 -0.011172i|629714> (1.253975e-04) (|>)
2:  0.002369 -0.034530i|629715> (1.197902e-03) (|>)
2: -0.002158 +0.031652i|629716> (1.006478e-03) (|>)
2: -0.000735 +0.010852i|629717> (1.183016e-04) (|>)
2:  0.046492 +0.020191i|632565> (2.569143e-03) (|>)
2:  0.031735 -0.033972i|635414> (2.161196e-03) (|>)
2: -0.011188 +0.011987i|635415> (2.688774e-04) (|>)
2: -0.010384 -0.020054i|638263> (5.099750e-04) (|>)
2:  0.019493 +0.037605i|638264> (1.794129e-03) (|>)
2:  0.005036 +0.009706i|638265> (1.195672e-04) (|>)
2:  0.051488 -0.007076i|641113> (2.701101e-03) (|>)
2:  0.002311 -0.011086i|643961> (1.282332e-04) (|>)
2:  0.007609 -0.036581i|643962> (1.396071e-03) (|>)
2: -0.005840 +0.028138i|643963> (8.258469e-04) (|>)
2: -0.002104 +0.010160i|643964> (1.076614e-04) (|>)
2: -0.008906 -0.005420i|646811> (1.086993e-04) (|>)
2:  0.042362 +0.025757i|646812> (2.457950e-03) (|>)
2:  0.037371 -0.030398i|649661> (2.320653e-03) (|>)
2: -0.010369 +0.008441i|649662> (1.787675e-04) (|>)
2: -0.008593 -0.024199i|652510> (6.594394e-04) (|>)
2:  0.013387 +0.037646i|652511> (1.596442e-03) (|>)
2:  0.003770 +0.010589i|652512> (1.263414e-04) (|>)
2:  0.052134 +0.000000i|655360> (2.717971e-03) (|>)
2:  0.003770 -0.010589i|658208> (1.263414e-04) (|>)
2:  0.013387 -0.037646i|658209> (1.596443e-03) (|>)
2: -0.008593 +0.024199i|658210> (6.594397e-04) (|>)
2: -0.010369 -0.008441i|661058> (1.787675e-04) (|>)
2:  0.037371 +0.030398i|661059> (2.320654e-03) (|>)
2:  0.042362 -0.025757i|663908> (2.457951e-03) (|>)
2: -0.008906 +0.005420i|663909> (1.086993e-04) (|>)
2: -0.002104 -0.010160i|666756> (1.076615e-04) (|>)
2: -0.005840 -0.028138i|666757> (8.258473e-04) (|>)
2:  0.007609 +0.036581i|666758> (1.396071e-03) (|>)
2:  0.002311 +0.011086i|666759> (1.282333e-04) (|>)
2:  0.051488 +0.007076i|669607> (2.701100e-03) (|>)
2:  0.005036 -0.009706i|672455> (1.195672e-04) (|>)
2:  0.019493 -0.037605i|672456> (1.794129e-03) (|>)
2: -0.010384 +0.020054i|672457> (5.099751e-04) (|>)
2: -0.011188 -0.011987i|675305> (2.688774e-04) (|>)
2:  0.031735 +0.033972i|675306> (2.161196e-03) (|>)
2:  0.046492 -0.020191i|678155> (2.569144e-03) (|>)
2: -0.000735 -0.010852i|681003> (1.183017e-04) (|>)
2: -0.002158 -0.031652i|681004> (1.006478e-03) (|>)
2:  0.002369 +0.034530i|681005> (1.197902e-03) (|>)
2:  0.000771 +0.011172i|681006> (1.253974e-04) (|>)
2:  0.049579 +0.013889i|683854> (2.650997e-03) (|>)
2:  0.006001 -0.008492i|686702> (1.081237e-04) (|>)
2:  0.025692 -0.036387i|686703> (1.984066e-03) (|>)
2: -0.011228 +0.015917i|686704> (3.794031e-04) (|>)
2: -0.011228 -0.015917i|689552> (3.794031e-04) (|>)
2:  0.025692 +0.036387i|689553> (1.984067e-03) (|>)
2:  0.006001 +0.008492i|689554> (1.081237e-04) (|>)
2:  0.049579 -0.013889i|692402> (2.650998e-03) (|>)
2:  0.000771 -0.011172i|695250> (1.253975e-04) (|>)
2:  0.002369 -0.034530i|695251> (1.197902e-03) (|>)
2: -0.002158 +0.031652i|695252> (1.006478e-03) (|>)
2: -0.000735 +0.010852i|695253> (1.183016e-04) (|>)
2:  0.046492 +0.020191i|698101> (2.569143e-03) (|>)
2:  0.031735 -0.033972i|700950> (2.161196e-03) (|>)
2: -0.011188 +0.011987i|700951> (2.688774e-04) (|>)
2: -0.010384 -0.020054i|703799> (5.099750e-04) (|>)
2:  0.019493 +0.037605i|703800> (1.794129e-03) (|>)
2:  0.005036 +0.009706i|703801> (1.195672e-04) (|>)
2:  0.051488 -0.007076i|706649> (2.701101e-03) (|>)
2:  0.002311 -0.011086i|709497> (1.282332e-04) (|>)
2:  0.007609 -0.036581i|709498> (1.396071e-03) (|>)
2: -0.005840 +0.028138i|709499> (8.258469e-04) (|>)
2: -0.002104 +0.010160i|709500> (1.076614e-04) (|>)
2: -0.008906 -0.005420i|712347> (1.086993e-04) (|>)
2:  0.042362 +0.025757i|712348> (2.457950e-03) (|>)
2:  0.037371 -0.030398i|715197> (2.320653e-03) (|>)
2: -0.010369 +0.008441i|7151024199i|193758> (6.594394e-04) (|>)
0:  0.013387 +0.037646i|193759> (1.596442e-03) (|>)
0:  0.003770 +0.010589i|193760> (1.263414e-04) (|>)
0:  0.052134 +0.000000i|196608> (2.717971e-03) (|>)
0:  0.003770 -0.010589i|199456> (1.263414e-04) (|>)
0:  0.013387 -0.037646i|199457> (1.596443e-03) (|>)
0: -0.008593 +0.024199i|199458> (6.594397e-04) (|>)
0: -0.010369 -0.008441i|202306> (1.787675e-04) (|>)
0:  0.037371 +0.030398i|202307> (2.320654e-03) (|>)
0:  0.042362 -0.025757i|205156> (2.457951e-03) (|>)
0: -0.008906 +0.005420i|205157> (1.086993e-04) (|>)
0: -0.002104 -0.010160i|208004> (1.076615e-04) (|>)
0: -0.005840 -0.028138i|208005> (8.258473e-04) (|>)
0:  0.007609 +0.036581i|208006> (1.396071e-03) (|>)
0:  0.002311 +0.011086i|208007> (1.282333e-04) (|>)
0:  0.051488 +0.007076i|210855> (2.701100e-03) (|>)
0:  0.005036 -0.009706i|213703> (1.195672e-04) (|>)
0:  0.019493 -0.037605i|213704> (1.794129e-03) (|>)
0: -0.010384 +0.020054i|213705> (5.099751e-04) (|>)
0: -0.011188 -0.011987i|216553> (2.688774e-04) (|>)
0:  0.031735 +0.033972i|216554> (2.161196e-03) (|>)
0:  0.046492 -0.020191i|219403> (2.569144e-03) (|>)
0: -0.000735 -0.010852i|222251> (1.183017e-04) (|>)
0: -0.002158 -0.031652i|222252> (1.006478e-03) (|>)
0:  0.002369 +0.034530i|222253> (1.197902e-03) (|>)
0:  0.000771 +0.011172i|222254> (1.253974e-04) (|>)
0:  0.049579 +0.013889i|225102> (2.650997e-03) (|>)
0:  0.006001 -0.008492i|227950> (1.081237e-04) (|>)
0:  0.025692 -0.036387i|227951> (1.984066e-03) (|>)
0: -0.011228 +0.015917i|227952> (3.794031e-04) (|>)
0: -0.011228 -0.015917i|230800> (3.794031e-04) (|>)
0:  0.025692 +0.036387i|230801> (1.984067e-03) (|>)
0:  0.006001 +0.008492i|230802> (1.081237e-04) (|>)
0:  0.049579 -0.013889i|233650> (2.650998e-03) (|>)
0:  0.000771 -0.011172i|236498> (1.253975e-04) (|>)
0:  0.002369 -0.034530i|236499> (1.197902e-03) (|>)
0: -0.002158 +0.031652i|236500> (1.006478e-03) (|>)
0: -0.000735 +0.010852i|236501> (1.183016e-04) (|>)
0:  0.046492 +0.020191i|239349> (2.569143e-03) (|>)
0:  0.031735 -0.033972i|242198> (2.161196e-03) (|>)
0: -0.011188 +0.011987i|242199> (2.688774e-04) (|>)
0: -0.010384 -0.020054i|245047> (5.099750e-04) (|>)
0:  0.019493 +0.037605i|245048> (1.794129e-03) (|>)
0:  0.005036 +0.009706i|245049> (1.195672e-04) (|>)
0:  0.051488 -0.007076i|247897> (2.701101e-03) (|>)
0:  0.002311 -0.011086i|250745> (1.282332e-04) (|>)
0:  0.007609 -0.036581i|250746> (1.396071e-03) (|>)
0: -0.005840 +0.028138i|250747> (8.258469e-04) (|>)
0: -0.002104 +0.010160i|250748> (1.076614e-04) (|>)
0: -0.008906 -0.005420i|253595> (1.086993e-04) (|>)
0:  0.042362 +0.025757i|253596> (2.457950e-03) (|>)
0:  0.037371 -0.030398i|256445> (2.320653e-03) (|>)
0: -0.010369 +0.008441i|256446> (1.787675e-04) (|>)
0: -0.008593 -0.024199i|259294> (6.594394e-04) (|>)
0:  0.013387 +0.037646i|259295> (1.596442e-03) (|>)
0:  0.003770 +0.010589i|259296> (1.263414e-04) (|>)

53> (2.320653e-03) (|>)
1: -0.010369 +0.008441i|453054> (1.787675e-04) (|>)
1: -0.008593 -0.024199i|455902> (6.594394e-04) (|>)
1:  0.013387 +0.037646i|455903> (1.596442e-03) (|>)
1:  0.003770 +0.010589i|455904> (1.263414e-04) (|>)
1:  0.052134 +0.000000i|458752> (2.717971e-03) (|>)
1:  0.003770 -0.010589i|461600> (1.263414e-04) (|>)
1:  0.013387 -0.037646i|461601> (1.596443e-03) (|>)
1: -0.008593 +0.024199i|461602> (6.594397e-04) (|>)
1: -0.010369 -0.008441i|464450> (1.787675e-04) (|>)
1:  0.037371 +0.030398i|464451> (2.320654e-03) (|>)
1:  0.042362 -0.025757i|467300> (2.457951e-03) (|>)
1: -0.008906 +0.005420i|467301> (1.086993e-04) (|>)
1: -0.002104 -0.010160i|470148> (1.076615e-04) (|>)
1: -0.005840 -0.028138i|470149> (8.258473e-04) (|>)
1:  0.007609 +0.036581i|470150> (1.396071e-03) (|>)
1:  0.002311 +0.011086i|470151> (1.282333e-04) (|>)
1:  0.051488 +0.007076i|472999> (2.701100e-03) (|>)
1:  0.005036 -0.009706i|475847> (1.195672e-04) (|>)
1:  0.019493 -0.037605i|475848> (1.794129e-03) (|>)
1: -0.010384 +0.020054i|475849> (5.099751e-04) (|>)
1: -0.011188 -0.011987i|478697> (2.688774e-04) (|>)
1:  0.031735 +0.033972i|478698> (2.161196e-03) (|>)
1:  0.046492 -0.020191i|481547> (2.569144e-03) (|>)
1: -0.000735 -0.010852i|484395> (1.183017e-04) (|>)
1: -0.002158 -0.031652i|484396> (1.006478e-03) (|>)
1:  0.002369 +0.034530i|484397> (1.197902e-03) (|>)
1:  0.000771 +0.011172i|484398> (1.253974e-04) (|>)
1:  0.049579 +0.013889i|487246> (2.650997e-03) (|>)
1:  0.006001 -0.008492i|490094> (1.081237e-04) (|>)
1:  0.025692 -0.036387i|490095> (1.984066e-03) (|>)
1: -0.011228 +0.015917i|490096> (3.794031e-04) (|>)
1: -0.011228 -0.015917i|492944> (3.794031e-04) (|>)
1:  0.025692 +0.036387i|492945> (1.984067e-03) (|>)
1:  0.006001 +0.008492i|492946> (1.081237e-04) (|>)
1:  0.049579 -0.013889i|495794> (2.650998e-03) (|>)
1:  0.000771 -0.011172i|498642> (1.253975e-04) (|>)
1:  0.002369 -0.034530i|498643> (1.197902e-03) (|>)
1: -0.002158 +0.031652i|498644> (1.006478e-03) (|>)
1: -0.000735 +0.010852i|498645> (1.183016e-04) (|>)
1:  0.046492 +0.020191i|501493> (2.569143e-03) (|>)
1:  0.031735 -0.033972i|504342> (2.161196e-03) (|>)
1: -0.011188 +0.011987i|504343> (2.688774e-04) (|>)
1: -0.010384 -0.020054i|507191> (5.099750e-04) (|>)
1:  0.019493 +0.037605i|507192> (1.794129e-03) (|>)
1:  0.005036 +0.009706i|507193> (1.195672e-04) (|>)
1:  0.051488 -0.007076i|510041> (2.701101e-03) (|>)
1:  0.002311 -0.011086i|512889> (1.282332e-04) (|>)
1:  0.007609 -0.036581i|512890> (1.396071e-03) (|>)
1: -0.005840 +0.028138i|512891> (8.258469e-04) (|>)
1: -0.002104 +0.010160i|512892> (1.076614e-04) (|>)
1: -0.008906 -0.005420i|515739> (1.086993e-04) (|>)
1:  0.042362 +0.025757i|515740> (2.457950e-03) (|>)
1:  0.037371 -0.030398i|518589> (2.320653e-03) (|>)
1: -0.010369 +0.008441i|518590> (1.787675e-04) (|>)
1: -0.008593 -0.024199i|521438> (6.594394e-04) (|>)
1:  0.013387 +0.037646i|521439> (1.596442e-03) (|>)
1:  0.003770 +0.010589i|521440> (1.263414e-04) (|>)

98> (1.787675e-04) (|>)
2: -0.008593 -0.024199i|718046> (6.594394e-04) (|>)
2:  0.013387 +0.037646i|718047> (1.596442e-03) (|>)
2:  0.003770 +0.010589i|718048> (1.263414e-04) (|>)
2:  0.052134 +0.000000i|720896> (2.717971e-03) (|>)
2:  0.003770 -0.010589i|723744> (1.263414e-04) (|>)
2:  0.013387 -0.037646i|723745> (1.596443e-03) (|>)
2: -0.008593 +0.024199i|723746> (6.594397e-04) (|>)
2: -0.010369 -0.008441i|726594> (1.787675e-04) (|>)
2:  0.037371 +0.030398i|726595> (2.320654e-03) (|>)
2:  0.042362 -0.025757i|729444> (2.457951e-03) (|>)
2: -0.008906 +0.005420i|729445> (1.086993e-04) (|>)
2: -0.002104 -0.010160i|732292> (1.076615e-04) (|>)
2: -0.005840 -0.028138i|732293> (8.258473e-04) (|>)
2:  0.007609 +0.036581i|732294> (1.396071e-03) (|>)
2:  0.002311 +0.011086i|732295> (1.282333e-04) (|>)
2:  0.051488 +0.007076i|735143> (2.701100e-03) (|>)
2:  0.005036 -0.009706i|737991> (1.195672e-04) (|>)
2:  0.019493 -0.037605i|737992> (1.794129e-03) (|>)
2: -0.010384 +0.020054i|737993> (5.099751e-04) (|>)
2: -0.011188 -0.011987i|740841> (2.688774e-04) (|>)
2:  0.031735 +0.033972i|740842> (2.161196e-03) (|>)
2:  0.046492 -0.020191i|743691> (2.569144e-03) (|>)
2: -0.000735 -0.010852i|746539> (1.183017e-04) (|>)
2: -0.002158 -0.031652i|746540> (1.006478e-03) (|>)
2:  0.002369 +0.034530i|746541> (1.197902e-03) (|>)
2:  0.000771 +0.011172i|746542> (1.253974e-04) (|>)
2:  0.049579 +0.013889i|749390> (2.650997e-03) (|>)
2:  0.006001 -0.008492i|752238> (1.081237e-04) (|>)
2:  0.025692 -0.036387i|752239> (1.984066e-03) (|>)
2: -0.011228 +0.015917i|752240> (3.794031e-04) (|>)
2: -0.011228 -0.015917i|755088> (3.794031e-04) (|>)
3:  0.052134 +0.000000i|786432> (2.717971e-03) (|>)
3:  0.003770 -0.010589i|789280> (1.263414e-04) (|>)
3:  0.013387 -0.037646i|789281> (1.596443e-03) (|>)
3: -0.008593 +0.024199i|789282> (6.594397e-04) (|>)
3: -0.010369 -0.008441i|792130> (1.787675e-04) (|>)
3:  0.037371 +0.030398i|792131> (2.320654e-03) (|>)
3:  0.042362 -0.025757i|794980> (2.457951e-03) (|>)
3: -0.008906 +0.005420i|794981> (1.086993e-04) (|>)
3: -0.002104 -0.010160i|797828> (1.076615e-04) (|>)
3: -0.005840 -0.028138i|797829> (8.258473e-04) (|>)
3:  0.007609 +0.036581i|797830> (1.396071e-03) (|>)
3:  0.002311 +0.011086i|797831> (1.282333e-04) (|>)
3:  0.051488 +0.007076i|800679> (2.701100e-03) (|>)
3:  0.005036 -0.009706i|803527> (1.195672e-04) (|>)
3:  0.019493 -0.037605i|803528> (1.794129e-03) (|>)
3: -0.010384 +0.020054i|803529> (5.099751e-04) (|>)
3: -0.011188 -0.011987i|806377> (2.688774e-04) (|>)
3:  0.031735 +0.033972i|806378> (2.161196e-03) (|>)
3:  0.046492 -0.020191i|809227> (2.569144e-03) (|>)
3: -0.000735 -0.010852i|812075> (1.183017e-04) (|>)
3: -0.002158 -0.031652i|812076> (1.006478e-03) (|>)
3:  0.002369 +0.034530i|812077> (1.197902e-03) (|>)
3:  0.000771 +0.011172i|812078> (1.253974e-04) (|>)
3:  0.049579 +0.013889i|814926> (2.650997e-03) (|>)
3:  0.006001 -0.008492i|817774> (1.081237e-04) (|>)
3:  0.025692 -0.036387i|817775> (1.984066e-03) (|>)
3: -0.011228 +0.015917i|817776> (3.794031e-04) (|>)
3: -0.011228 -0.015917i|820624> (3.794031e-04) (|>)
3:  0.025692 +0.036387i|820625> (1.984067e-03) (|>)
3:  0.006001 +0.008492i|820626> (1.081237e-04) (|>)
3:  0.049579 -0.013889i|823474> (2.650998e-03) (|>)
3:  0.000771 -0.011172i|826322> (1.253975e-04) (|>)
3:  0.002369 -0.034530i|826323> (1.197902e-03) (|>)
3: -0.002158 +0.031652i|826324> (1.006478e-03) (|>)
3: -0.000735 +0.010852i|826325> (1.183016e-04) (|>)
3:  0.046492 +0.020191i|829173> (2.569143e-03) (|>)
3:  0.031735 -0.033972i|832022> (2.161196e-03) (|>)
3: -0.011188 +0.011987i|832023> (2.688774e-04) (|>)
3: -0.010384 -0.020054i|834871> (5.099750e-04) (|>)
3:  0.019493 +0.037605i|834872> (1.794129e-03) (|>)
3:  0.005036 +0.009706i|834873> (1.195672e-04) (|>)
3:  0.051488 -0.007076i|837721> (2.701101e-03) (|>)
3:  0.002311 -0.011086i|840569> (1.282332e-04) (|>)
3:  0.007609 -0.036581i|840570> (1.396071e-03) (|>)
3: -0.005840 +0.028138i|840571> (8.258469e-04) (|>)
3: -0.002104 +0.010160i|840572> (1.076614e-04) (|>)
3: -0.008906 -0.005420i|843419> (1.086993e-04) (|>)
3:  0.042362 +0.025757i|843420> (2.457950e-03) (|>)
3:  0.037371 -0.030398i|846269> (2.320653e-03) (|>)
3: -0.010369 +0.008441i|846270> (1.787675e-04) (|>)
3: -0.008593 -0.024199i|849118> (6.594394e-04) (|>)
3:  0.013387 +0.037646i|849119> (1.596442e-03) (|>)
3:  0.003770 +0.010589i|849120> (1.263414e-04) (|>)
3:  0.052134 +0.000000i|851968> (2.717971e-03) (|>)
3:  0.003770 -0.010589i|854816> (1.263414e-04) (|>)
3:  0.013387 -0.037646i|854817> (1.596443e-03) (|>)
3: -0.008593 +0.024199i|854818> (6.594397e-04) (|>)
3: -0.010369 -0.008441i|857666> (1.787675e-04) (|>)
3:  0.037371 +0.030398i|857667> (2.320654e-03) (|>)
3:  0.042362 -0.025757i|860516> (2.457951e-03) (|>)
3: -0.008906 +0.005420i|860517> (1.086993e-04) (|>)
3: -0.002104 -0.010160i|863364> (1.076615e-04) (|>)
3: -0.005840 -0.028138i|863365> (8.258473e-04) (|>)
3:  0.007609 +0.036581i|863366> (1.396071e-03) (|>)
3:  0.002311 +0.011086i|863367> (1.282333e-04) (|>)
3:  0.051488 +0.007076i|866215> (2.701100e-03) (|>)
3:  0.005036 -0.009706i|869063> (1.195672e-04) (|>)
3:  0.019493 -0.037605i|869064> (1.794129e-03) (|>)
3: -0.010384 +0.020054i|869065> (5.099751e-04) (|>)
3: -0.011188 -0.011987i|871913> (2.688774e-04) (|>)
3:  0.031735 +0.033972i|871914> (2.161196e-03) (|>)
3:  0.046492 -0.020191i|874763> (2.569144e-03) (|>)
3: -0.000735 -0.010852i|877611> (1.183017e-04) (|>)
3: -0.002158 -0.031652i|877612> (1.006478e-03) (|>)
3:  0.002369 +0.034530i|877613> (1.197902e-03) (|>)
3:  0.000771 +0.011172i|877614> (1.253974e-04) (|>)
3:  0.049579 +0.013889i|880462> (2.650997e-03) (|>)
3:  0.006001 -0.008492i|883310> (1.081237e-04) (|>)
3:  0.025692 -0.036387i|883311> (1.984066e-03) (|>)
3: -0.011228 +0.015917i|883312> (3.794031e-04) (|>)
3: -0.011228 -0.015917i|886160> (3.794031e-04) (|>)
3:  0.025692 +0.036387i|886161> (1.984067e-03) (|>)
3:  0.006001 +0.008492i|886162> (1.081237e-04) (|>)
3:  0.049579 -0.013889i|889010> (2.650998e-03) (|>)
3:  0.000771 -0.011172i|891858> (1.253975e-04) (|>)
3:  0.002369 -0.034530i|891859> (1.197902e-03) (|>)
3: -0.002158 +0.031652i|891860> (1.006478e-03) (|>)
3: -0.000735 +0.010852i|891861> (1.183016e-04) (|>)
3:  0.046492 +0.020191i|894709> (2.569143e-03) (|>)
3:  0.031735 -0.033972i|897558> (2.161196e-03) (|>)
3: -0.011188 +0.011987i|897559> (2.688774e-04) (|>)
3: -0.010384 -0.020054i|900407> (5.099750e-04) (|>)
3:  0.019493 +0.037605i|900408> (1.794129e-03) (|>)
3:  0.005036 +0.009706i|900409> (1.195672e-04) (|>)
3:  0.051488 -0.007076i|903257> (2.701101e-03) (|>)
3:  0.002311 -0.011086i|906105> (1.282332e-04) (|>)
3:  0.007609 -0.036581i|906106> (1.396071e-03) (|>)
3: -0.005840 +0.028138i|906107> (8.258469e-04) (|>)
3: -0.002104 +0.010160i|906108> (1.076614e-04) (|>)
3: -0.008906 -0.005420i|908955> (1.086993e-04) (|>)
3:  0.042362 +0.025757i|908956> (2.457950e-03) (|>)
3:  0.037371 -0.030398i|911805> (2.320653e-03) (|>)
3: -0.010369 +0.008441i|911806> (1.787675e-04) (|>)
3: -0.008593 -0.024199i|914654> (6.594394e-04) (|>)
3:  0.013387 +0.037646i|914655> (1.596442e-03) (|>)
3:  0.003770 +0.010589i|914656> (1.263414e-04) (|>)
3:  0.052134 +0.000000i|917504> (2.717971e-03) (|>)
3:  0.003770 -0.010589i|920352> (1.263414e-04) (|>)
3:  0.013387 -0.037646i|920353> (1.596443e-03) (|>)
3: -0.008593 +0.024199i|920354> (6.594397e-04) (|>)
3: -0.010369 -0.008441i|923202> (1.787675e-04) (|>)
3:  0.037371 +0.030398i|923203> (2.320654e-03) (|>)
3:  0.042362 -0.025757i|926052> (2.457951e-03) (|>)
3: -0.008906 +0.005420i|926053> (1.086993e-04) (|>)
3: -0.002104 -0.010160i|928900> (1.076615e-04) (|>)
3: -0.005840 -0.028138i|928901> (8.258473e-04) (|>)
3:  0.007609 +0.036581i|928902> (1.396071e-03) (|>)
3:  0.002311 +0.011086i|928903> (1.282333e-04) (|>)
3:  0.051488 +0.007076i|931751> (2.701100e-03) (|>)
3:  0.005036 -0.009706i|934599> (1.195672e-04) (|>)
3:  0.019493 -0.037605i|934600> (1.794129e-03) (|>)
3: -0.010384 +0.020054i|934601> (5.099751e-04) (|>)
3: -0.011188 -0.011987i|937449> (2.688774e-04) (|>)
3:  0.031735 +0.033972i|937450> (2.161196e-03) (|>)
3:  0.046492 -0.020191i|940299> (2.569144e-03) (|>)
3: -0.000735 -0.010852i|943147> (1.183017e-04) (|>)
3: -0.002158 -0.031652i|943148> (1.006478e-03) (|>)
3:  0.002369 +0.034530i|943149> (1.197902e-03) (|>)
3:  0.000771 +0.011172i|943150> (1.253974e-04) (|>)
3:  0.049579 +0.013889i|945998> (2.650997e-03) (|>)
3:  0.006001 -0.008492i|948846> (1.081237e-04) (|>)
3:  0.025692 -0.036387i|948847> (1.984066e-03) (|>)
3: -0.011228 +0.015917i|948848> (3.794031e-04) (|>)
3: -0.011228 -0.015917i|951696> (3.794031e-04) (|>)
3:  0.025692 +0.036387i|951697> (1.984067e-03) (|>)
3:  0.006001 +0.008492i|951698> (1.081237e-04) (|>)
3:  0.049579 -0.013889i|954546> (2.650998e-03) (|>)
3:  0.000771 -0.011172i|957394> (1.253975e-04) (|>)
3:  0.002369 -0.034530i|957395> (1.197902e-03) (|>)
3: -0.002158 +0.031652i|957396> (1.006478e-03) (|>)
3: -0.000735 +0.010852i|957397> (1.183016e-04) (|>)
3:  0.046492 +0.020191i|960245> (2.569143e-03) (|>)
3:  0.031735 -0.033972i|963094> (2.161196e-03) (|>)
3: -0.011188 +0.011987i|963095> (2.688774e-04) (|>)
3: -0.010384 -0.020054i|965943> (5.099750e-04) (|>)
3:  0.019493 +0.037605i|965944> (1.794129e-03) (|>)
3:  0.005036 +0.009706i|965945> (1.195672e-04) (|>)
3:  0.051488 -0.007076i|968793> (2.701101e-03) (|>)
3:  0.002311 -0.011086i|971641> (1.282332e-04) (|>)
3:  0.007609 -0.036581i|971642> (1.396071e-03) (|>)
3: -0.005840 +0.028138i|971643> (8.258469e-04) (|>)
3: -0.002104 +0.010160i|971644> (1.076614e-04) (|>)
3: -0.008906 -0.005420i|974491> (1.086993e-04) (|>)
3:  0.042362 +0.025757i|974492> (2.457950e-03) (|>)
3:  0.037371 -0.030398i|9773start_t.tv_sec: 1564626931, 
start_t.tv_usec: 498462, 
stop_t.tv_sec: 1564626931, 
stop_t.tv_usec: 658565.
20 Use Time:0.160103s
2:  0.025692 +0.036387i|755089> (1.984067e-03) (|>)
2:  0.006001 +0.008492i|755090> (1.081237e-04) (|>)
2:  0.049579 -0.013889i|757938> (2.650998e-03) (|>)
2:  0.000771 -0.011172i|760786> (1.253975e-04) (|>)
2:  0.002369 -0.034530i|760787> (1.197902e-03) (|>)
2: -0.002158 +0.031652i|760788> (1.006478e-03) (|>)
2: -0.000735 +0.010852i|760789> (1.183016e-04) (|>)
2:  0.046492 +0.020191i|763637> (2.569143e-03) (|>)
2:  0.031735 -0.033972i|766486> (2.161196e-03) (|>)
2: -0.011188 +0.011987i|766487> (2.688774e-04) (|>)
2: -0.010384 -0.020054i|769335> (5.099750e-04) (|>)
2:  0.019493 +0.037605i|769336> (1.794129e-03) (|>)
2:  0.005036 +0.009706i|769337> (1.195672e-04) (|>)
2:  0.051488 -0.007076i|772185> (2.701101e-03) (|>)
2:  0.002311 -0.011086i|775033> (1.282332e-04) (|>)
2:  0.007609 -0.036581i|775034> (1.396071e-03) (|>)
2: -0.005840 +0.028138i|775035> (8.258469e-04) (|>)
2: -0.002104 +0.010160i|775036> (1.076614e-04) (|>)
2: -0.008906 -0.005420i|777883> (1.086993e-04) (|>)
2:  0.042362 +0.025757i|777884> (2.457950e-03) (|>)
2:  0.037371 -0.030398i|780733> (2.320653e-03) (|>)
2: -0.010369 +0.008441i|780734> (1.787675e-04) (|>)
2: -0.008593 -0.024199i|783582> (6.594394e-04) (|>)
2:  0.013387 +0.037646i|783583> (1.596442e-03) (|>)
2:  0.003770 +0.010589i|783584> (1.263414e-04) (|>)

41> (2.320653e-03) (|>)
3: -0.010369 +0.008441i|977342> (1.787675e-04) (|>)
3: -0.008593 -0.024199i|980190> (6.594394e-04) (|>)
3:  0.013387 +0.037646i|980191> (1.596442e-03) (|>)
3:  0.003770 +0.010589i|980192> (1.263414e-04) (|>)
3:  0.052134 +0.000000i|983040> (2.717971e-03) (|>)
3:  0.003770 -0.010589i|985888> (1.263414e-04) (|>)
3:  0.013387 -0.037646i|985889> (1.596443e-03) (|>)
3: -0.008593 +0.024199i|985890> (6.594397e-04) (|>)
3: -0.010369 -0.008441i|988738> (1.787675e-04) (|>)
3:  0.037371 +0.030398i|988739> (2.320654e-03) (|>)
3:  0.042362 -0.025757i|991588> (2.457951e-03) (|>)
3: -0.008906 +0.005420i|991589> (1.086993e-04) (|>)
3: -0.002104 -0.010160i|994436> (1.076615e-04) (|>)
3: -0.005840 -0.028138i|994437> (8.258473e-04) (|>)
3:  0.007609 +0.036581i|994438> (1.396071e-03) (|>)
3:  0.002311 +0.011086i|994439> (1.282333e-04) (|>)
3:  0.051488 +0.007076i|997287> (2.701100e-03) (|>)
3:  0.005036 -0.009706i|1000135> (1.195672e-04) (|>)
3:  0.019493 -0.037605i|1000136> (1.794129e-03) (|>)
3: -0.010384 +0.020054i|1000137> (5.099751e-04) (|>)
3: -0.011188 -0.011987i|1002985> (2.688774e-04) (|>)
3:  0.031735 +0.033972i|1002986> (2.161196e-03) (|>)
3:  0.046492 -0.020191i|1005835> (2.569144e-03) (|>)
3: -0.000735 -0.010852i|1008683> (1.183017e-04) (|>)
3: -0.002158 -0.031652i|1008684> (1.006478e-03) (|>)
3:  0.002369 +0.034530i|1008685> (1.197902e-03) (|>)
3:  0.000771 +0.011172i|1008686> (1.253974e-04) (|>)
3:  0.049579 +0.013889i|1011534> (2.650997e-03) (|>)
3:  0.006001 -0.008492i|1014382> (1.081237e-04) (|>)
3:  0.025692 -0.036387i|1014383> (1.984066e-03) (|>)
3: -0.011228 +0.015917i|1014384> (3.794031e-04) (|>)
3: -0.011228 -0.015917i|1017232> (3.794031e-04) (|>)
3:  0.025692 +0.036387i|1017233> (1.984067e-03) (|>)
3:  0.006001 +0.008492i|1017234> (1.081237e-04) (|>)
3:  0.049579 -0.013889i|1020082> (2.650998e-03) (|>)
3:  0.000771 -0.011172i|1022930> (1.253975e-04) (|>)
3:  0.002369 -0.034530i|1022931> (1.197902e-03) (|>)
3: -0.002158 +0.031652i|1022932> (1.006478e-03) (|>)
3: -0.000735 +0.010852i|1022933> (1.183016e-04) (|>)
3:  0.046492 +0.020191i|1025781> (2.569143e-03) (|>)
3:  0.031735 -0.033972i|1028630> (2.161196e-03) (|>)
3: -0.011188 +0.011987i|1028631> (2.688774e-04) (|>)
3: -0.010384 -0.020054i|1031479> (5.099750e-04) (|>)
3:  0.019493 +0.037605i|1031480> (1.794129e-03) (|>)
3:  0.005036 +0.009706i|1031481> (1.195672e-04) (|>)
3:  0.051488 -0.007076i|1034329> (2.701101e-03) (|>)
3:  0.002311 -0.011086i|1037177> (1.282332e-04) (|>)
3:  0.007609 -0.036581i|1037178> (1.396071e-03) (|>)
3: -0.005840 +0.028138i|1037179> (8.258469e-04) (|>)
3: -0.002104 +0.010160i|1037180> (1.076614e-04) (|>)
3: -0.008906 -0.005420i|1040027> (1.086993e-04) (|>)
3:  0.042362 +0.025757i|1040028> (2.457950e-03) (|>)
3:  0.037371 -0.030398i|1042877> (2.320653e-03) (|>)
3: -0.010369 +0.008441i|1042878> (1.787675e-04) (|>)
3: -0.008593 -0.024199i|1045726> (6.594394e-04) (|>)
3:  0.013387 +0.037646i|1045727> (1.596442e-03) (|>)
3:  0.003770 +0.010589i|1045728> (1.263414e-04) (|>)

dispatching ...
Job 46217400 has been finished.
